TN:
SF:src/bot.ts
FN:353,(anonymous_4)
FN:201,(anonymous_5)
FN:382,(anonymous_6)
FN:397,(anonymous_7)
FN:406,(anonymous_8)
FN:414,(anonymous_9)
FN:422,(anonymous_10)
FN:431,(anonymous_11)
FN:439,(anonymous_12)
FN:453,(anonymous_13)
FN:472,(anonymous_14)
FN:490,(anonymous_15)
FN:521,(anonymous_16)
FN:533,(anonymous_17)
FN:535,(anonymous_18)
FN:539,(anonymous_19)
FN:550,(anonymous_20)
FN:600,(anonymous_21)
FN:634,(anonymous_22)
FN:641,(anonymous_23)
FN:656,(anonymous_24)
FN:668,(anonymous_25)
FN:688,(anonymous_26)
FN:693,(anonymous_27)
FN:702,(anonymous_28)
FN:707,(anonymous_29)
FN:717,(anonymous_30)
FN:722,(anonymous_31)
FN:742,(anonymous_32)
FN:743,(anonymous_33)
FN:750,(anonymous_34)
FN:757,(anonymous_35)
FN:781,(anonymous_36)
FN:785,(anonymous_37)
FN:786,(anonymous_38)
FN:798,(anonymous_39)
FN:806,(anonymous_40)
FN:810,(anonymous_41)
FN:820,(anonymous_42)
FN:821,(anonymous_43)
FN:835,(anonymous_44)
FN:841,(anonymous_45)
FN:843,(anonymous_46)
FN:855,(anonymous_47)
FN:863,(anonymous_48)
FN:880,(anonymous_49)
FN:898,(anonymous_50)
FN:912,(anonymous_51)
FN:913,(anonymous_52)
FN:914,(anonymous_53)
FN:916,(anonymous_54)
FN:927,(anonymous_55)
FN:946,(anonymous_56)
FN:974,(anonymous_57)
FN:992,(anonymous_58)
FN:1022,(anonymous_59)
FN:1045,(anonymous_60)
FN:1051,(anonymous_61)
FN:1072,(anonymous_62)
FN:1086,(anonymous_63)
FN:1099,(anonymous_64)
FN:1114,(anonymous_65)
FN:1125,(anonymous_66)
FN:1140,(anonymous_67)
FN:1151,(anonymous_68)
FN:1158,(anonymous_69)
FN:1170,(anonymous_70)
FN:1177,(anonymous_71)
FN:1188,(anonymous_72)
FN:1197,(anonymous_73)
FN:1208,(anonymous_74)
FN:1217,(anonymous_75)
FN:1230,(anonymous_76)
FN:1237,(anonymous_77)
FN:1251,(anonymous_78)
FN:1270,(anonymous_79)
FN:1289,(anonymous_80)
FN:1303,(anonymous_81)
FN:1322,(anonymous_82)
FN:1328,(anonymous_83)
FN:1342,(anonymous_84)
FN:1347,(anonymous_85)
FN:1349,(anonymous_86)
FN:1350,(anonymous_87)
FN:1353,(anonymous_88)
FN:1360,(anonymous_89)
FN:1364,(anonymous_90)
FN:1367,(anonymous_91)
FN:1380,(anonymous_92)
FN:1387,(anonymous_93)
FN:1399,(anonymous_94)
FN:1404,(anonymous_95)
FN:1414,(anonymous_96)
FN:1426,(anonymous_97)
FN:1427,(anonymous_98)
FN:1437,(anonymous_99)
FN:1445,(anonymous_100)
FN:1446,(anonymous_101)
FN:1459,(anonymous_102)
FN:1472,(anonymous_103)
FN:1486,(anonymous_104)
FN:1488,(anonymous_105)
FN:1489,(anonymous_106)
FN:1511,(anonymous_107)
FN:1549,(anonymous_108)
FN:1565,(anonymous_109)
FN:1566,(anonymous_110)
FN:1573,(anonymous_111)
FN:1576,(anonymous_112)
FN:1580,(anonymous_113)
FN:1594,(anonymous_114)
FN:1624,(anonymous_115)
FN:1635,(anonymous_116)
FN:1638,(anonymous_117)
FN:1642,(anonymous_118)
FN:1656,(anonymous_119)
FN:1657,(anonymous_120)
FN:1675,(anonymous_121)
FN:1679,(anonymous_122)
FN:1682,(anonymous_123)
FN:1687,(anonymous_124)
FN:1691,(anonymous_125)
FN:1716,(anonymous_126)
FN:1719,(anonymous_127)
FN:1747,(anonymous_128)
FN:1758,(anonymous_129)
FN:1761,(anonymous_130)
FN:1765,(anonymous_131)
FN:1784,(anonymous_132)
FN:1789,(anonymous_133)
FN:1818,(anonymous_134)
FN:1835,(anonymous_135)
FN:1848,(anonymous_136)
FN:1864,(anonymous_137)
FN:1873,(anonymous_138)
FN:1882,(anonymous_139)
FN:1891,(anonymous_140)
FN:1897,(anonymous_141)
FNF:138
FNH:113
FNDA:21,(anonymous_4)
FNDA:3,(anonymous_5)
FNDA:1,(anonymous_6)
FNDA:0,(anonymous_7)
FNDA:0,(anonymous_8)
FNDA:0,(anonymous_9)
FNDA:2,(anonymous_10)
FNDA:0,(anonymous_11)
FNDA:3,(anonymous_12)
FNDA:3,(anonymous_13)
FNDA:7,(anonymous_14)
FNDA:175,(anonymous_15)
FNDA:168,(anonymous_16)
FNDA:164,(anonymous_17)
FNDA:2,(anonymous_18)
FNDA:6,(anonymous_19)
FNDA:12,(anonymous_20)
FNDA:0,(anonymous_21)
FNDA:4,(anonymous_22)
FNDA:4,(anonymous_23)
FNDA:2,(anonymous_24)
FNDA:2,(anonymous_25)
FNDA:5,(anonymous_26)
FNDA:5,(anonymous_27)
FNDA:5,(anonymous_28)
FNDA:4,(anonymous_29)
FNDA:3,(anonymous_30)
FNDA:3,(anonymous_31)
FNDA:0,(anonymous_32)
FNDA:0,(anonymous_33)
FNDA:12,(anonymous_34)
FNDA:12,(anonymous_35)
FNDA:3,(anonymous_36)
FNDA:3,(anonymous_37)
FNDA:85,(anonymous_38)
FNDA:0,(anonymous_39)
FNDA:1,(anonymous_40)
FNDA:1,(anonymous_41)
FNDA:1,(anonymous_42)
FNDA:1,(anonymous_43)
FNDA:4,(anonymous_44)
FNDA:4,(anonymous_45)
FNDA:79,(anonymous_46)
FNDA:3,(anonymous_47)
FNDA:3,(anonymous_48)
FNDA:6,(anonymous_49)
FNDA:5,(anonymous_50)
FNDA:5,(anonymous_51)
FNDA:5,(anonymous_52)
FNDA:66,(anonymous_53)
FNDA:11,(anonymous_54)
FNDA:0,(anonymous_55)
FNDA:0,(anonymous_56)
FNDA:9,(anonymous_57)
FNDA:9,(anonymous_58)
FNDA:9,(anonymous_59)
FNDA:8,(anonymous_60)
FNDA:1,(anonymous_61)
FNDA:6,(anonymous_62)
FNDA:5,(anonymous_63)
FNDA:1,(anonymous_64)
FNDA:1,(anonymous_65)
FNDA:2,(anonymous_66)
FNDA:2,(anonymous_67)
FNDA:2,(anonymous_68)
FNDA:1,(anonymous_69)
FNDA:0,(anonymous_70)
FNDA:0,(anonymous_71)
FNDA:1,(anonymous_72)
FNDA:1,(anonymous_73)
FNDA:1,(anonymous_74)
FNDA:1,(anonymous_75)
FNDA:2,(anonymous_76)
FNDA:1,(anonymous_77)
FNDA:2,(anonymous_78)
FNDA:0,(anonymous_79)
FNDA:1,(anonymous_80)
FNDA:0,(anonymous_81)
FNDA:2,(anonymous_82)
FNDA:2,(anonymous_83)
FNDA:3,(anonymous_84)
FNDA:3,(anonymous_85)
FNDA:3,(anonymous_86)
FNDA:3,(anonymous_87)
FNDA:0,(anonymous_88)
FNDA:1,(anonymous_89)
FNDA:2,(anonymous_90)
FNDA:3,(anonymous_91)
FNDA:0,(anonymous_92)
FNDA:0,(anonymous_93)
FNDA:3,(anonymous_94)
FNDA:3,(anonymous_95)
FNDA:1,(anonymous_96)
FNDA:1,(anonymous_97)
FNDA:23,(anonymous_98)
FNDA:1,(anonymous_99)
FNDA:1,(anonymous_100)
FNDA:25,(anonymous_101)
FNDA:0,(anonymous_102)
FNDA:0,(anonymous_103)
FNDA:2,(anonymous_104)
FNDA:2,(anonymous_105)
FNDA:2,(anonymous_106)
FNDA:5,(anonymous_107)
FNDA:5,(anonymous_108)
FNDA:5,(anonymous_109)
FNDA:10,(anonymous_110)
FNDA:5,(anonymous_111)
FNDA:0,(anonymous_112)
FNDA:5,(anonymous_113)
FNDA:0,(anonymous_114)
FNDA:6,(anonymous_115)
FNDA:52,(anonymous_116)
FNDA:20,(anonymous_117)
FNDA:72,(anonymous_118)
FNDA:6,(anonymous_119)
FNDA:12,(anonymous_120)
FNDA:30,(anonymous_121)
FNDA:8,(anonymous_122)
FNDA:30,(anonymous_123)
FNDA:6,(anonymous_124)
FNDA:12,(anonymous_125)
FNDA:12,(anonymous_126)
FNDA:42,(anonymous_127)
FNDA:5,(anonymous_128)
FNDA:54,(anonymous_129)
FNDA:20,(anonymous_130)
FNDA:74,(anonymous_131)
FNDA:12,(anonymous_132)
FNDA:20,(anonymous_133)
FNDA:0,(anonymous_134)
FNDA:0,(anonymous_135)
FNDA:0,(anonymous_136)
FNDA:0,(anonymous_137)
FNDA:2,(anonymous_138)
FNDA:2,(anonymous_139)
FNDA:2,(anonymous_140)
FNDA:2,(anonymous_141)
DA:34,1
DA:35,1
DA:36,1
DA:38,1
DA:39,1
DA:42,1
DA:43,1
DA:44,1
DA:47,1
DA:48,1
DA:49,1
DA:50,1
DA:51,1
DA:52,1
DA:53,1
DA:54,1
DA:55,1
DA:56,1
DA:57,1
DA:58,1
DA:91,1
DA:143,1
DA:148,21
DA:153,21
DA:161,21
DA:167,21
DA:236,21
DA:238,1
DA:255,21
DA:266,21
DA:271,21
DA:278,1
DA:281,1
DA:282,1
DA:284,1
DA:285,1
DA:286,1
DA:288,1
DA:291,21
DA:296,21
DA:299,21
DA:304,21
DA:307,21
DA:312,21
DA:315,21
DA:320,21
DA:323,21
DA:328,21
DA:331,21
DA:336,21
DA:339,21
DA:344,21
DA:354,21
DA:355,21
DA:356,21
DA:357,0
DA:363,21
DA:365,0
DA:366,0
DA:368,0
DA:371,21
DA:383,1
DA:384,1
DA:385,0
DA:386,0
DA:388,1
DA:390,1
DA:398,0
DA:407,0
DA:415,0
DA:423,2
DA:432,0
DA:440,3
DA:441,3
DA:442,0
DA:444,3
DA:445,1
DA:447,2
DA:454,3
DA:455,1
DA:456,1
DA:459,2
DA:462,0
DA:464,2
DA:465,2
DA:473,7
DA:476,2
DA:478,0
DA:491,175
DA:492,1
DA:499,174
DA:522,168
DA:523,1
DA:529,167
DA:530,167
DA:532,166
DA:534,164
DA:535,2
DA:540,6
DA:551,12
DA:552,12
DA:553,0
DA:559,12
DA:562,12
DA:570,12
DA:571,0
DA:572,0
DA:578,12
DA:581,12
DA:590,12
DA:591,12
DA:592,12
DA:593,10
DA:594,10
DA:595,10
DA:596,4
DA:600,10
DA:601,0
DA:604,10
DA:605,2
DA:606,2
DA:609,1
DA:610,1
DA:613,1
DA:614,0
DA:615,0
DA:617,0
DA:618,0
DA:622,2
DA:635,4
DA:636,0
DA:638,4
DA:643,4
DA:644,4
DA:645,4
DA:646,4
DA:657,2
DA:659,0
DA:661,2
DA:669,2
DA:670,2
DA:671,1
DA:678,1
DA:689,5
DA:693,5
DA:703,5
DA:708,4
DA:709,4
DA:718,3
DA:723,3
DA:724,3
DA:725,3
DA:727,0
DA:743,0
DA:751,12
DA:758,12
DA:759,12
DA:760,12
DA:761,8
DA:763,12
DA:764,12
DA:765,12
DA:767,0
DA:782,3
DA:786,85
DA:799,0
DA:807,1
DA:811,1
DA:821,1
DA:822,1
DA:823,1
DA:825,0
DA:836,4
DA:842,4
DA:843,4
DA:844,79
DA:845,79
DA:848,4
DA:861,3
DA:863,3
DA:864,3
DA:865,3
DA:866,3
DA:867,3
DA:868,3
DA:871,3
DA:881,6
DA:899,5
DA:900,5
DA:901,5
DA:913,5
DA:914,5
DA:915,66
DA:916,11
DA:917,11
DA:921,5
DA:923,5
DA:928,0
DA:942,0
DA:943,0
DA:944,0
DA:945,0
DA:946,0
DA:947,0
DA:950,0
DA:979,9
DA:983,9
DA:994,9
DA:995,0
DA:997,9
DA:998,9
DA:999,0
DA:1001,9
DA:1002,0
DA:1004,9
DA:1005,9
DA:1006,9
DA:1008,0
DA:1010,9
DA:1011,9
DA:1013,9
DA:1014,0
DA:1017,9
DA:1023,9
DA:1024,0
DA:1027,9
DA:1032,9
DA:1046,8
DA:1047,1
DA:1049,8
DA:1052,1
DA:1053,1
DA:1054,1
DA:1056,0
DA:1078,6
DA:1086,5
DA:1105,1
DA:1114,1
DA:1131,2
DA:1140,2
DA:1152,2
DA:1158,1
DA:1171,0
DA:1177,0
DA:1189,1
DA:1197,1
DA:1209,1
DA:1218,1
DA:1231,2
DA:1238,1
DA:1252,2
DA:1271,0
DA:1272,0
DA:1273,0
DA:1275,0
DA:1295,1
DA:1304,0
DA:1305,0
DA:1306,0
DA:1308,0
DA:1323,2
DA:1329,2
DA:1330,2
DA:1331,2
DA:1343,3
DA:1348,3
DA:1349,3
DA:1350,3
DA:1351,3
DA:1353,3
DA:1354,0
DA:1361,1
DA:1365,2
DA:1367,3
DA:1381,0
DA:1388,0
DA:1400,3
DA:1404,3
DA:1415,1
DA:1416,1
DA:1417,0
DA:1419,1
DA:1427,23
DA:1438,1
DA:1439,1
DA:1446,25
DA:1465,0
DA:1473,0
DA:1487,2
DA:1488,2
DA:1489,2
DA:1490,2
DA:1491,0
DA:1493,2
DA:1494,2
DA:1495,0
DA:1497,2
DA:1501,2
DA:1512,5
DA:1513,5
DA:1514,7
DA:1515,5
DA:1516,5
DA:1518,2
DA:1550,5
DA:1551,5
DA:1552,0
DA:1554,5
DA:1555,5
DA:1556,5
DA:1557,5
DA:1558,0
DA:1560,5
DA:1561,5
DA:1562,66
DA:1564,5
DA:1565,5
DA:1566,5
DA:1567,10
DA:1568,5
DA:1570,5
DA:1571,5
DA:1574,5
DA:1577,0
DA:1581,5
DA:1584,5
DA:1595,0
DA:1596,0
DA:1597,0
DA:1599,0
DA:1600,0
DA:1601,0
DA:1603,0
DA:1604,0
DA:1605,0
DA:1630,6
DA:1634,6
DA:1635,6
DA:1636,52
DA:1638,6
DA:1639,20
DA:1640,20
DA:1642,6
DA:1643,72
DA:1644,72
DA:1645,72
DA:1650,72
DA:1651,0
DA:1654,6
DA:1656,6
DA:1657,6
DA:1659,12
DA:1660,6
DA:1661,6
DA:1667,6
DA:1669,6
DA:1670,30
DA:1671,30
DA:1672,30
DA:1673,0
DA:1675,30
DA:1676,30
DA:1678,30
DA:1680,8
DA:1683,30
DA:1684,30
DA:1687,6
DA:1688,6
DA:1689,3
DA:1691,12
DA:1698,3
DA:1699,3
DA:1700,8
DA:1702,3
DA:1705,6
DA:1708,6
DA:1709,42
DA:1711,42
DA:1712,42
DA:1713,0
DA:1715,42
DA:1717,12
DA:1720,42
DA:1722,42
DA:1723,6
DA:1728,6
DA:1753,5
DA:1757,5
DA:1758,5
DA:1759,54
DA:1761,5
DA:1762,20
DA:1763,20
DA:1765,5
DA:1766,74
DA:1767,74
DA:1768,74
DA:1773,74
DA:1774,2
DA:1778,5
DA:1779,5
DA:1780,10
DA:1781,5
DA:1782,2
DA:1784,12
DA:1785,3
DA:1786,3
DA:1788,8
DA:1789,74
DA:1790,20
DA:1792,74
DA:1793,74
DA:1794,72
DA:1799,5
DA:1800,5
DA:1801,8
DA:1803,5
DA:1819,0
DA:1821,0
DA:1835,0
DA:1849,0
DA:1851,0
DA:1864,0
DA:1878,2
DA:1879,2
DA:1880,2
DA:1883,2
DA:1892,2
DA:1898,2
DA:1906,21
DA:1910,1
LF:431
LH:349
BRDA:354,0,0,21
BRDA:354,0,1,0
BRDA:356,1,0,0
BRDA:356,1,1,21
BRDA:363,2,0,0
BRDA:363,2,1,21
BRDA:384,3,0,0
BRDA:384,3,1,1
BRDA:384,4,0,1
BRDA:384,4,1,1
BRDA:441,5,0,0
BRDA:441,5,1,3
BRDA:444,6,0,1
BRDA:444,6,1,2
BRDA:444,7,0,3
BRDA:444,7,1,2
BRDA:444,7,2,2
BRDA:444,7,3,2
BRDA:454,8,0,1
BRDA:454,8,1,2
BRDA:459,9,0,0
BRDA:459,9,1,2
BRDA:491,10,0,1
BRDA:491,10,1,174
BRDA:521,11,0,144
BRDA:522,12,0,1
BRDA:522,12,1,167
BRDA:539,13,0,6
BRDA:552,14,0,0
BRDA:552,14,1,12
BRDA:552,15,0,12
BRDA:552,15,1,12
BRDA:552,15,2,12
BRDA:570,16,0,0
BRDA:570,16,1,12
BRDA:570,17,0,0
BRDA:570,17,1,12
BRDA:570,18,0,12
BRDA:570,18,1,12
BRDA:570,19,0,0
BRDA:570,19,1,12
BRDA:570,20,0,12
BRDA:570,20,1,12
BRDA:570,21,0,0
BRDA:570,21,1,12
BRDA:570,22,0,12
BRDA:570,22,1,12
BRDA:591,23,0,12
BRDA:591,23,1,0
BRDA:592,24,0,10
BRDA:592,24,1,2
BRDA:595,25,0,4
BRDA:595,25,1,6
BRDA:605,26,0,2
BRDA:605,26,1,0
BRDA:606,27,0,1
BRDA:606,27,1,1
BRDA:610,28,0,1
BRDA:610,28,1,0
BRDA:614,29,0,0
BRDA:614,29,1,0
BRDA:617,30,0,0
BRDA:617,30,1,0
BRDA:617,31,0,0
BRDA:617,31,1,0
BRDA:624,32,0,2
BRDA:624,32,1,0
BRDA:635,33,0,0
BRDA:635,33,1,4
BRDA:657,34,0,0
BRDA:657,34,1,2
BRDA:670,35,0,1
BRDA:670,35,1,1
BRDA:688,36,0,4
BRDA:723,37,0,3
BRDA:723,37,1,0
BRDA:723,38,0,3
BRDA:723,38,1,3
BRDA:760,39,0,8
BRDA:760,39,1,4
BRDA:763,40,0,12
BRDA:763,40,1,0
BRDA:763,41,0,12
BRDA:763,41,1,12
BRDA:835,42,0,2
BRDA:844,43,0,79
BRDA:844,43,1,0
BRDA:866,44,0,3
BRDA:866,44,1,0
BRDA:866,45,0,3
BRDA:866,45,1,2
BRDA:866,45,2,1
BRDA:866,45,3,1
BRDA:899,46,0,3
BRDA:899,46,1,2
BRDA:900,47,0,1
BRDA:900,47,1,4
BRDA:915,48,0,11
BRDA:915,48,1,55
BRDA:923,49,0,2
BRDA:923,49,1,3
BRDA:938,50,0,0
BRDA:938,50,1,0
BRDA:943,51,0,0
BRDA:943,51,1,0
BRDA:943,52,0,0
BRDA:943,52,1,0
BRDA:943,52,2,0
BRDA:945,53,0,0
BRDA:945,53,1,0
BRDA:979,54,0,9
BRDA:979,54,1,8
BRDA:994,55,0,0
BRDA:994,55,1,9
BRDA:994,56,0,9
BRDA:994,56,1,9
BRDA:998,57,0,0
BRDA:998,57,1,9
BRDA:998,58,0,9
BRDA:998,58,1,9
BRDA:1001,59,0,0
BRDA:1001,59,1,9
BRDA:1013,60,0,0
BRDA:1013,60,1,9
BRDA:1013,61,0,9
BRDA:1013,61,1,0
BRDA:1023,62,0,0
BRDA:1023,62,1,9
BRDA:1023,63,0,9
BRDA:1023,63,1,8
BRDA:1028,64,0,8
BRDA:1028,64,1,1
BRDA:1046,65,0,1
BRDA:1046,65,1,7
BRDA:1046,66,0,8
BRDA:1046,66,1,8
BRDA:1046,66,2,1
BRDA:1052,67,0,1
BRDA:1052,67,1,0
BRDA:1052,68,0,1
BRDA:1052,68,1,1
BRDA:1271,69,0,0
BRDA:1271,69,1,0
BRDA:1298,70,0,1
BRDA:1298,70,1,0
BRDA:1304,71,0,0
BRDA:1304,71,1,0
BRDA:1331,72,0,2
BRDA:1331,72,1,1
BRDA:1348,73,0,3
BRDA:1348,73,1,1
BRDA:1416,74,0,0
BRDA:1416,74,1,1
BRDA:1461,75,0,0
BRDA:1470,76,0,0
BRDA:1470,76,1,0
BRDA:1486,77,0,2
BRDA:1490,78,0,0
BRDA:1490,78,1,2
BRDA:1494,79,0,0
BRDA:1494,79,1,2
BRDA:1494,80,0,2
BRDA:1494,80,1,0
BRDA:1511,81,0,5
BRDA:1514,82,0,5
BRDA:1514,82,1,2
BRDA:1549,83,0,0
BRDA:1551,84,0,0
BRDA:1551,84,1,5
BRDA:1554,85,0,5
BRDA:1554,85,1,0
BRDA:1567,86,0,5
BRDA:1567,86,1,5
BRDA:1594,87,0,0
BRDA:1596,88,0,0
BRDA:1596,88,1,0
BRDA:1599,89,0,0
BRDA:1599,89,1,0
BRDA:1599,90,0,0
BRDA:1599,90,1,0
BRDA:1627,91,0,0
BRDA:1628,92,0,1
BRDA:1650,93,0,0
BRDA:1650,93,1,72
BRDA:1659,94,0,6
BRDA:1659,94,1,6
BRDA:1672,95,0,0
BRDA:1672,95,1,30
BRDA:1688,96,0,3
BRDA:1688,96,1,3
BRDA:1688,97,0,6
BRDA:1688,97,1,6
BRDA:1712,98,0,0
BRDA:1712,98,1,42
BRDA:1722,99,0,6
BRDA:1722,99,1,36
BRDA:1750,100,0,0
BRDA:1751,101,0,1
BRDA:1773,102,0,2
BRDA:1773,102,1,72
BRDA:1780,103,0,5
BRDA:1780,103,1,5
BRDA:1781,104,0,2
BRDA:1781,104,1,3
BRDA:1793,105,0,72
BRDA:1793,105,1,2
BRDA:1819,106,0,0
BRDA:1819,106,1,0
BRDA:1849,107,0,0
BRDA:1849,107,1,0
BRDA:1879,108,0,1
BRDA:1879,108,1,1
BRF:212
BRH:138
end_of_record
TN:
SF:src/category.ts
FN:49,default_1
FN:52,(anonymous_1)
FN:62,(anonymous_2)
FN:71,(anonymous_3)
FN:74,(anonymous_4)
FN:90,(anonymous_5)
FN:95,(anonymous_6)
FN:100,(anonymous_7)
FNF:8
FNH:6
FNDA:42,default_1
FNDA:4,(anonymous_1)
FNDA:2,(anonymous_2)
FNDA:2,(anonymous_3)
FNDA:1,(anonymous_4)
FNDA:1,(anonymous_5)
FNDA:0,(anonymous_6)
FNDA:0,(anonymous_7)
DA:49,1
DA:53,4
DA:54,4
DA:55,1
DA:63,2
DA:71,2
DA:75,1
DA:82,1
DA:83,1
DA:84,25
DA:91,1
DA:96,0
DA:101,0
DA:105,42
LF:14
LH:12
BRDA:54,0,0,1
BRDA:54,0,1,3
BRF:2
BRH:2
end_of_record
TN:
SF:src/core.ts
FN:28,(anonymous_0)
FN:34,(anonymous_1)
FN:40,(anonymous_2)
FN:54,(anonymous_3)
FN:56,(anonymous_4)
FN:77,(anonymous_5)
FN:100,(anonymous_6)
FN:126,(anonymous_7)
FN:135,(anonymous_8)
FN:140,(anonymous_9)
FN:156,(anonymous_10)
FN:163,(anonymous_11)
FN:173,(anonymous_12)
FN:186,(anonymous_13)
FN:187,(anonymous_14)
FN:208,(anonymous_15)
FN:214,(anonymous_16)
FN:222,(anonymous_17)
FN:239,(anonymous_18)
FN:264,(anonymous_19)
FN:280,(anonymous_20)
FN:294,(anonymous_21)
FN:310,(anonymous_22)
FN:323,(anonymous_23)
FN:339,(anonymous_24)
FN:355,(anonymous_25)
FN:360,(anonymous_26)
FN:383,(anonymous_27)
FN:397,(anonymous_28)
FNF:29
FNH:27
FNDA:172,(anonymous_0)
FNDA:167,(anonymous_1)
FNDA:171,(anonymous_2)
FNDA:168,(anonymous_3)
FNDA:1347,(anonymous_4)
FNDA:167,(anonymous_5)
FNDA:166,(anonymous_6)
FNDA:7,(anonymous_7)
FNDA:110,(anonymous_8)
FNDA:57,(anonymous_9)
FNDA:404,(anonymous_10)
FNDA:57,(anonymous_11)
FNDA:8,(anonymous_12)
FNDA:8,(anonymous_13)
FNDA:8,(anonymous_14)
FNDA:166,(anonymous_15)
FNDA:164,(anonymous_16)
FNDA:164,(anonymous_17)
FNDA:164,(anonymous_18)
FNDA:164,(anonymous_19)
FNDA:2,(anonymous_20)
FNDA:1,(anonymous_21)
FNDA:2,(anonymous_22)
FNDA:2,(anonymous_23)
FNDA:0,(anonymous_24)
FNDA:7,(anonymous_25)
FNDA:6,(anonymous_26)
FNDA:2,(anonymous_27)
FNDA:0,(anonymous_28)
DA:7,1
DA:8,1
DA:9,1
DA:13,1
DA:14,1
DA:15,1
DA:18,1
DA:24,1
DA:29,172
DA:30,172
DA:31,172
DA:35,167
DA:36,167
DA:37,167
DA:41,171
DA:42,104
DA:44,67
DA:45,8
DA:47,59
DA:50,172
DA:52,172
DA:55,168
DA:56,168
DA:57,1347
DA:58,36
DA:59,35
DA:61,1
DA:64,1347
DA:65,62
DA:66,1285
DA:67,50
DA:68,1235
DA:69,0
DA:70,1235
DA:72,6
DA:78,167
DA:79,167
DA:92,167
DA:93,110
DA:95,57
DA:97,166
DA:101,166
DA:103,166
DA:105,5
DA:106,161
DA:108,7
DA:118,154
DA:119,154
DA:127,7
DA:137,110
DA:143,57
DA:144,57
DA:145,36
DA:146,36
DA:147,36
DA:150,57
DA:151,8
DA:155,49
DA:157,404
DA:164,57
DA:165,57
DA:166,2
DA:167,55
DA:168,6
DA:170,49
DA:174,8
DA:175,8
DA:176,8
DA:177,8
DA:178,95
DA:180,2
DA:182,93
DA:185,8
DA:186,8
DA:187,8
DA:188,8
DA:189,1
DA:191,8
DA:201,1
DA:209,166
DA:210,166
DA:211,166
DA:215,164
DA:216,164
DA:217,164
DA:218,164
DA:219,164
DA:223,164
DA:224,0
DA:225,0
DA:231,0
DA:240,164
DA:241,0
DA:243,0
DA:244,0
DA:246,0
DA:249,0
DA:252,0
DA:256,0
DA:258,0
DA:266,164
DA:268,164
DA:269,13
DA:271,13
DA:272,13
DA:276,2
DA:277,2
DA:281,2
DA:282,0
DA:284,2
DA:285,2
DA:289,1
DA:294,1
DA:295,1
DA:301,2
DA:303,2
DA:304,1
DA:307,2
DA:310,2
DA:311,2
DA:317,2
DA:318,0
DA:322,2
DA:323,2
DA:324,2
DA:333,0
DA:334,0
DA:339,0
DA:340,0
DA:343,0
DA:347,6
DA:350,0
DA:356,7
DA:357,7
DA:361,6
DA:362,6
DA:363,6
DA:376,6
DA:384,2
DA:395,0
DA:396,0
DA:397,0
DA:398,0
DA:402,2
DA:403,2
LF:145
LH:121
BRDA:41,0,0,104
BRDA:41,0,1,67
BRDA:44,1,0,8
BRDA:44,1,1,59
BRDA:44,2,0,67
BRDA:44,2,1,10
BRDA:57,3,0,36
BRDA:57,3,1,1311
BRDA:58,4,0,35
BRDA:58,4,1,1
BRDA:64,5,0,62
BRDA:64,5,1,1285
BRDA:64,6,0,1347
BRDA:64,6,1,1346
BRDA:66,7,0,50
BRDA:66,7,1,1235
BRDA:68,8,0,0
BRDA:68,8,1,1235
BRDA:70,9,0,6
BRDA:70,9,1,1229
BRDA:92,10,0,110
BRDA:92,10,1,57
BRDA:103,11,0,5
BRDA:103,11,1,161
BRDA:106,12,0,7
BRDA:106,12,1,154
BRDA:113,13,0,0
BRDA:113,13,1,7
BRDA:144,14,0,36
BRDA:144,14,1,21
BRDA:150,15,0,8
BRDA:150,15,1,49
BRDA:164,16,0,0
BRDA:164,16,1,57
BRDA:164,17,0,57
BRDA:164,17,1,57
BRDA:164,18,0,0
BRDA:164,18,1,57
BRDA:164,19,0,57
BRDA:164,19,1,57
BRDA:165,20,0,2
BRDA:165,20,1,55
BRDA:167,21,0,6
BRDA:167,21,1,49
BRDA:167,22,0,55
BRDA:167,22,1,6
BRDA:178,23,0,2
BRDA:178,23,1,93
BRDA:178,24,0,95
BRDA:178,24,1,2
BRDA:188,25,0,1
BRDA:188,25,1,7
BRDA:219,26,0,164
BRDA:219,26,1,151
BRDA:223,27,0,0
BRDA:223,27,1,164
BRDA:224,28,0,0
BRDA:224,28,1,0
BRDA:240,29,0,0
BRDA:240,29,1,164
BRDA:240,30,0,164
BRDA:240,30,1,0
BRDA:241,31,0,0
BRDA:241,31,1,0
BRDA:244,32,0,0
BRDA:244,32,1,0
BRDA:249,33,0,0
BRDA:249,33,1,0
BRDA:249,33,2,0
BRDA:266,34,0,164
BRDA:266,34,1,151
BRDA:267,35,0,151
BRDA:267,35,1,0
BRDA:267,36,0,151
BRDA:267,36,1,151
BRDA:268,37,0,13
BRDA:268,37,1,151
BRDA:271,38,0,13
BRDA:271,38,1,0
BRDA:275,39,0,2
BRDA:275,39,1,1
BRDA:275,39,2,2
BRDA:275,39,3,0
BRDA:275,39,4,2
BRDA:275,39,5,0
BRDA:275,39,6,6
BRDA:281,40,0,0
BRDA:281,40,1,2
BRDA:281,41,0,2
BRDA:281,41,1,2
BRDA:303,42,0,1
BRDA:303,42,1,1
BRDA:317,43,0,0
BRDA:317,43,1,2
BRDA:333,44,0,0
BRDA:333,44,1,0
BRDA:384,45,0,0
BRDA:384,45,1,2
BRDA:385,46,0,2
BRDA:385,46,1,1
BRDA:385,46,2,1
BRDA:385,46,3,1
BRDA:385,46,4,0
BRDA:385,46,5,0
BRDA:390,47,0,0
BRDA:390,47,1,0
BRDA:390,48,0,0
BRDA:390,48,1,0
BRF:108
BRH:77
end_of_record
TN:
SF:src/date.ts
FN:120,default_1
FN:124,(anonymous_1)
FN:129,(anonymous_2)
FN:158,(anonymous_3)
FN:162,(anonymous_4)
FN:166,(anonymous_5)
FN:170,(anonymous_6)
FN:174,(anonymous_7)
FN:178,(anonymous_8)
FN:182,(anonymous_9)
FN:186,(anonymous_10)
FN:190,(anonymous_11)
FN:194,(anonymous_12)
FN:198,(anonymous_13)
FN:203,(anonymous_14)
FN:215,(anonymous_15)
FN:220,(anonymous_16)
FN:234,(anonymous_17)
FN:277,(anonymous_18)
FN:286,(anonymous_19)
FN:306,(anonymous_20)
FN:339,(anonymous_21)
FN:350,(anonymous_22)
FN:351,(anonymous_23)
FN:352,(anonymous_24)
FN:353,(anonymous_25)
FN:357,(anonymous_26)
FN:362,(anonymous_27)
FN:367,(anonymous_28)
FN:372,(anonymous_29)
FNF:30
FNH:30
FNDA:42,default_1
FNDA:37,(anonymous_1)
FNDA:6,(anonymous_2)
FNDA:15,(anonymous_3)
FNDA:1,(anonymous_4)
FNDA:1,(anonymous_5)
FNDA:1,(anonymous_6)
FNDA:1,(anonymous_7)
FNDA:13,(anonymous_8)
FNDA:13,(anonymous_9)
FNDA:1,(anonymous_10)
FNDA:1,(anonymous_11)
FNDA:13,(anonymous_12)
FNDA:13,(anonymous_13)
FNDA:17,(anonymous_14)
FNDA:2,(anonymous_15)
FNDA:13,(anonymous_16)
FNDA:91,(anonymous_17)
FNDA:47,(anonymous_18)
FNDA:4,(anonymous_19)
FNDA:1,(anonymous_20)
FNDA:2,(anonymous_21)
FNDA:24,(anonymous_22)
FNDA:24,(anonymous_23)
FNDA:14,(anonymous_24)
FNDA:14,(anonymous_25)
FNDA:1,(anonymous_26)
FNDA:1,(anonymous_27)
FNDA:1,(anonymous_28)
FNDA:1,(anonymous_29)
DA:2,1
DA:120,1
DA:125,37
DA:127,12
DA:128,1
DA:129,6
DA:130,1
DA:144,11
DA:145,11
DA:149,25
DA:153,37
DA:154,1
DA:159,15
DA:163,1
DA:167,1
DA:171,1
DA:175,1
DA:179,13
DA:183,13
DA:187,1
DA:191,1
DA:195,13
DA:199,13
DA:205,17
DA:206,17
DA:208,17
DA:209,17
DA:211,0
DA:216,2
DA:221,13
DA:222,0
DA:225,13
DA:227,13
DA:228,12
DA:229,1
DA:231,1
DA:234,13
DA:235,91
DA:237,13
DA:238,13
DA:239,13
DA:240,13
DA:241,13
DA:242,13
DA:243,13
DA:244,13
DA:245,13
DA:269,13
DA:270,13
DA:271,13
DA:279,47
DA:282,13
DA:289,4
DA:290,4
DA:292,1
DA:294,1
DA:296,0
DA:298,0
DA:300,0
DA:302,2
DA:307,1
DA:310,42
DA:340,2
DA:343,2
DA:344,2
DA:345,2
DA:347,2
DA:350,24
DA:351,24
DA:352,14
DA:353,14
DA:358,1
DA:363,1
DA:368,1
DA:373,1
DA:377,42
DA:381,1
LF:77
LH:72
BRDA:125,0,0,12
BRDA:125,0,1,25
BRDA:125,1,0,37
BRDA:125,1,1,33
BRDA:127,2,0,1
BRDA:127,2,1,11
BRDA:153,3,0,1
BRDA:153,3,1,36
BRDA:153,4,0,37
BRDA:153,4,1,1
BRDA:205,5,0,17
BRDA:205,5,1,3
BRDA:206,6,0,17
BRDA:206,6,1,0
BRDA:220,7,0,6
BRDA:221,8,0,0
BRDA:221,8,1,13
BRDA:227,9,0,12
BRDA:227,9,1,1
BRDA:227,10,0,13
BRDA:227,10,1,13
BRDA:229,11,0,1
BRDA:229,11,1,0
BRDA:235,12,0,42
BRDA:235,12,1,49
BRDA:243,13,0,13
BRDA:243,13,1,3
BRDA:244,14,0,9
BRDA:244,14,1,4
BRDA:286,15,0,0
BRDA:291,16,0,1
BRDA:291,16,1,1
BRDA:291,16,2,0
BRDA:291,16,3,0
BRDA:291,16,4,0
BRDA:291,16,5,2
BRDA:295,17,0,2
BRDA:295,17,1,2
BRDA:299,18,0,2
BRDA:299,18,1,0
BRDA:348,19,0,2
BRDA:348,19,1,0
BRF:42
BRH:33
end_of_record
TN:
SF:src/error.ts
FN:23,(anonymous_0)
FN:38,(anonymous_1)
FN:54,rejectWithErrorCode
FN:60,rejectWithError
FNF:4
FNH:2
FNDA:26,(anonymous_0)
FNDA:0,(anonymous_1)
FNDA:0,rejectWithErrorCode
FNDA:13,rejectWithError
DA:14,1
DA:24,26
DA:25,2
DA:29,24
DA:30,24
DA:31,24
DA:33,24
DA:34,24
DA:37,1
DA:39,0
DA:54,1
DA:55,0
DA:60,1
DA:61,13
LF:14
LH:12
BRDA:24,0,0,2
BRDA:24,0,1,24
BRDA:29,1,0,3
BRDA:29,1,1,21
BRDA:29,2,0,24
BRDA:29,2,1,24
BRDA:30,3,0,24
BRDA:30,3,1,1
BRDA:30,3,2,1
BRDA:30,3,3,1
BRDA:38,4,0,0
BRF:11
BRH:10
end_of_record
TN:
SF:src/file.ts
FN:52,default_1
FN:55,(anonymous_1)
FN:63,(anonymous_2)
FN:72,(anonymous_3)
FN:77,(anonymous_4)
FN:86,(anonymous_5)
FN:94,(anonymous_6)
FNF:7
FNH:4
FNDA:42,default_1
FNDA:7,(anonymous_1)
FNDA:6,(anonymous_2)
FNDA:4,(anonymous_3)
FNDA:0,(anonymous_4)
FNDA:0,(anonymous_5)
FNDA:0,(anonymous_6)
DA:52,1
DA:56,7
DA:57,7
DA:58,1
DA:64,6
DA:65,6
DA:66,0
DA:68,6
DA:73,4
DA:78,0
DA:87,0
DA:95,0
DA:99,42
LF:13
LH:9
BRDA:57,0,0,1
BRDA:57,0,1,6
BRDA:65,1,0,0
BRDA:65,1,1,6
BRDA:87,2,0,0
BRDA:87,2,1,0
BRF:6
BRH:3
end_of_record
TN:
SF:src/log.ts
FN:23,updateLoggingConfig
FN:37,log
FN:49,message
FN:77,debug
FN:99,error
FN:131,colorize
FN:148,pad
FN:159,getDateArray
FN:179,humanDate
FNF:9
FNH:9
FNDA:3,updateLoggingConfig
FNDA:39,log
FNDA:33,message
FNDA:3,debug
FNDA:4,error
FNDA:33,colorize
FNDA:225,pad
FNDA:37,getDateArray
FNDA:35,humanDate
DA:14,1
DA:15,1
DA:17,1
DA:23,1
DA:24,3
DA:37,1
DA:38,39
DA:39,3
DA:40,36
DA:41,3
DA:43,33
DA:49,1
DA:50,33
DA:51,9
DA:52,9
DA:54,0
DA:58,33
DA:60,33
DA:61,33
DA:64,33
DA:66,33
DA:69,33
DA:77,1
DA:78,3
DA:80,3
DA:87,3
DA:90,0
DA:91,0
DA:99,1
DA:100,4
DA:101,4
DA:102,4
DA:103,3
DA:107,1
DA:131,1
DA:132,33
DA:133,255
DA:134,23
DA:138,10
DA:148,1
DA:149,225
DA:159,1
DA:160,37
DA:161,37
DA:179,1
DA:180,35
DA:181,35
DA:182,35
LF:48
LH:45
BRDA:38,0,0,3
BRDA:38,0,1,36
BRDA:38,1,0,39
BRDA:38,1,1,35
BRDA:40,2,0,3
BRDA:40,2,1,33
BRDA:40,3,0,36
BRDA:40,3,1,32
BRDA:50,4,0,9
BRDA:50,4,1,24
BRDA:60,5,0,33
BRDA:60,5,1,0
BRDA:60,6,0,33
BRDA:60,6,1,33
BRDA:64,7,0,0
BRDA:64,7,1,33
BRDA:64,8,0,33
BRDA:64,8,1,0
BRDA:66,9,0,0
BRDA:66,9,1,33
BRDA:66,10,0,33
BRDA:66,10,1,0
BRDA:78,11,0,3
BRDA:78,11,1,0
BRDA:102,12,0,3
BRDA:102,12,1,1
BRDA:133,13,0,23
BRDA:133,13,1,232
BRDA:133,14,0,255
BRDA:133,14,1,255
BRDA:133,14,2,255
BRDA:160,15,0,37
BRDA:160,15,1,2
BRDA:180,16,0,35
BRDA:180,16,1,34
BRF:35
BRH:29
end_of_record
TN:
SF:src/page.ts
FN:167,default_1
FN:171,(anonymous_1)
FN:186,(anonymous_2)
FN:193,(anonymous_3)
FN:200,(anonymous_4)
FN:205,(anonymous_5)
FN:211,(anonymous_6)
FN:218,(anonymous_7)
FN:225,(anonymous_8)
FN:232,(anonymous_9)
FN:236,(anonymous_10)
FN:243,(anonymous_11)
FN:247,(anonymous_12)
FN:254,(anonymous_13)
FN:258,(anonymous_14)
FN:267,(anonymous_15)
FN:268,(anonymous_16)
FN:273,(anonymous_17)
FN:278,(anonymous_18)
FN:287,(anonymous_19)
FN:288,(anonymous_20)
FN:293,(anonymous_21)
FN:298,(anonymous_22)
FN:305,(anonymous_23)
FN:309,(anonymous_24)
FN:316,(anonymous_25)
FN:320,(anonymous_26)
FN:330,(anonymous_27)
FN:331,(anonymous_28)
FN:336,(anonymous_29)
FN:337,(anonymous_30)
FN:343,(anonymous_31)
FN:357,(anonymous_32)
FN:367,(anonymous_33)
FN:377,(anonymous_34)
FN:387,(anonymous_35)
FN:396,(anonymous_36)
FN:406,(anonymous_37)
FN:415,(anonymous_38)
FN:425,(anonymous_39)
FN:439,(anonymous_40)
FN:448,(anonymous_41)
FN:468,(anonymous_42)
FN:488,(anonymous_43)
FN:493,(anonymous_44)
FN:519,(anonymous_45)
FN:542,(anonymous_46)
FN:561,(anonymous_47)
FN:567,(anonymous_48)
FN:584,(anonymous_49)
FN:616,(anonymous_50)
FN:627,(anonymous_51)
FN:629,(anonymous_52)
FN:630,(anonymous_53)
FN:636,(anonymous_54)
FN:644,(anonymous_55)
FN:654,(anonymous_56)
FN:658,(anonymous_57)
FN:662,(anonymous_58)
FN:666,(anonymous_59)
FN:670,(anonymous_60)
FN:674,(anonymous_61)
FN:678,(anonymous_62)
FNF:63
FNH:46
FNDA:42,default_1
FNDA:29,(anonymous_1)
FNDA:1,(anonymous_2)
FNDA:1,(anonymous_3)
FNDA:2,(anonymous_4)
FNDA:2,(anonymous_5)
FNDA:3,(anonymous_6)
FNDA:3,(anonymous_7)
FNDA:1,(anonymous_8)
FNDA:1,(anonymous_9)
FNDA:0,(anonymous_10)
FNDA:0,(anonymous_11)
FNDA:1,(anonymous_12)
FNDA:1,(anonymous_13)
FNDA:1,(anonymous_14)
FNDA:1,(anonymous_15)
FNDA:1,(anonymous_16)
FNDA:117,(anonymous_17)
FNDA:1,(anonymous_18)
FNDA:1,(anonymous_19)
FNDA:1,(anonymous_20)
FNDA:1,(anonymous_21)
FNDA:0,(anonymous_22)
FNDA:0,(anonymous_23)
FNDA:0,(anonymous_24)
FNDA:0,(anonymous_25)
FNDA:0,(anonymous_26)
FNDA:0,(anonymous_27)
FNDA:0,(anonymous_28)
FNDA:2,(anonymous_29)
FNDA:2,(anonymous_30)
FNDA:4,(anonymous_31)
FNDA:4,(anonymous_32)
FNDA:1,(anonymous_33)
FNDA:1,(anonymous_34)
FNDA:1,(anonymous_35)
FNDA:1,(anonymous_36)
FNDA:0,(anonymous_37)
FNDA:0,(anonymous_38)
FNDA:1,(anonymous_39)
FNDA:1,(anonymous_40)
FNDA:1,(anonymous_41)
FNDA:3,(anonymous_42)
FNDA:3,(anonymous_43)
FNDA:1,(anonymous_44)
FNDA:2,(anonymous_45)
FNDA:1,(anonymous_46)
FNDA:2,(anonymous_47)
FNDA:1,(anonymous_48)
FNDA:1,(anonymous_49)
FNDA:28,(anonymous_50)
FNDA:4,(anonymous_51)
FNDA:1,(anonymous_52)
FNDA:4,(anonymous_53)
FNDA:4,(anonymous_54)
FNDA:6,(anonymous_55)
FNDA:0,(anonymous_56)
FNDA:0,(anonymous_57)
FNDA:1,(anonymous_58)
FNDA:0,(anonymous_59)
FNDA:0,(anonymous_60)
FNDA:0,(anonymous_61)
FNDA:0,(anonymous_62)
DA:1,1
DA:167,1
DA:173,29
DA:174,26
DA:175,3
DA:176,3
DA:178,0
DA:180,29
DA:187,1
DA:194,1
DA:201,2
DA:206,2
DA:212,3
DA:219,3
DA:220,3
DA:226,1
DA:232,1
DA:237,0
DA:243,0
DA:248,1
DA:254,1
DA:259,1
DA:268,1
DA:269,1
DA:270,1
DA:271,0
DA:273,117
DA:279,1
DA:288,1
DA:289,1
DA:290,1
DA:291,0
DA:293,1
DA:299,0
DA:305,0
DA:310,0
DA:316,0
DA:321,0
DA:331,0
DA:337,2
DA:338,2
DA:344,4
DA:345,0
DA:346,0
DA:347,0
DA:349,0
DA:351,4
DA:358,4
DA:359,4
DA:360,0
DA:362,4
DA:368,1
DA:378,1
DA:379,1
DA:380,0
DA:382,1
DA:388,1
DA:397,1
DA:398,1
DA:399,0
DA:401,1
DA:408,0
DA:416,0
DA:417,0
DA:418,0
DA:420,0
DA:430,1
DA:440,1
DA:441,1
DA:442,0
DA:444,1
DA:452,1
DA:460,1
DA:461,1
DA:462,11
DA:474,3
DA:475,3
DA:476,2
DA:478,3
DA:489,3
DA:498,1
DA:499,1
DA:500,0
DA:502,1
DA:511,1
DA:512,1
DA:513,46
DA:520,2
DA:521,2
DA:522,0
DA:526,2
DA:527,2
DA:528,2
DA:529,2
DA:530,2
DA:531,0
DA:532,0
DA:533,0
DA:534,0
DA:535,2
DA:536,2
DA:537,2
DA:538,2
DA:539,2
DA:540,2
DA:543,1
DA:544,1
DA:545,1
DA:549,2
DA:550,2
DA:552,2
DA:562,2
DA:568,1
DA:569,1
DA:570,0
DA:574,1
DA:575,1
DA:584,1
DA:586,0
DA:589,1
DA:591,1
DA:601,1
DA:603,1
DA:604,19700
DA:605,19700
DA:606,19700
DA:607,28
DA:609,19700
DA:610,19700
DA:612,30
DA:616,1
DA:617,28
DA:618,28
DA:619,24
DA:623,1
DA:627,4
DA:630,1
DA:631,4
DA:635,1
DA:637,4
DA:645,6
DA:648,1
DA:655,0
DA:659,0
DA:663,1
DA:667,0
DA:671,0
DA:675,0
DA:679,0
DA:683,42
LF:150
LH:112
BRDA:173,0,0,26
BRDA:173,0,1,3
BRDA:175,1,0,3
BRDA:175,1,1,0
BRDA:175,2,0,3
BRDA:175,2,1,3
BRDA:270,3,0,0
BRDA:270,3,1,1
BRDA:290,4,0,0
BRDA:290,4,1,1
BRDA:344,5,0,0
BRDA:344,5,1,4
BRDA:346,6,0,0
BRDA:346,6,1,0
BRDA:359,7,0,0
BRDA:359,7,1,4
BRDA:379,8,0,0
BRDA:379,8,1,1
BRDA:398,9,0,0
BRDA:398,9,1,1
BRDA:417,10,0,0
BRDA:417,10,1,0
BRDA:427,11,0,1
BRDA:435,12,0,1
BRDA:435,12,1,1
BRDA:436,13,0,1
BRDA:436,13,1,0
BRDA:441,14,0,0
BRDA:441,14,1,1
BRDA:456,15,0,1
BRDA:456,15,1,1
BRDA:475,16,0,2
BRDA:475,16,1,1
BRDA:476,17,0,1
BRDA:476,17,1,1
BRDA:483,18,0,3
BRDA:483,18,1,3
BRDA:485,19,0,3
BRDA:485,19,1,1
BRDA:499,20,0,0
BRDA:499,20,1,1
BRDA:500,21,0,0
BRDA:500,21,1,0
BRDA:506,22,0,1
BRDA:506,22,1,1
BRDA:519,23,0,1
BRDA:520,24,0,0
BRDA:520,24,1,2
BRDA:520,25,0,2
BRDA:520,25,1,2
BRDA:521,26,0,0
BRDA:521,26,1,2
BRDA:527,27,0,2
BRDA:527,27,1,2
BRDA:528,28,0,2
BRDA:528,28,1,1
BRDA:529,29,0,2
BRDA:529,29,1,2
BRDA:530,30,0,0
BRDA:530,30,1,2
BRDA:533,31,0,0
BRDA:533,31,1,0
BRDA:534,32,0,0
BRDA:534,32,1,0
BRDA:535,33,0,2
BRDA:535,33,1,0
BRDA:539,34,0,2
BRDA:539,34,1,1
BRDA:541,35,0,2
BRDA:541,35,1,1
BRDA:569,36,0,0
BRDA:569,36,1,1
BRDA:569,37,0,1
BRDA:569,37,1,1
BRDA:586,38,0,0
BRDA:586,38,1,0
BRDA:586,38,2,0
BRDA:586,38,3,0
BRDA:606,39,0,28
BRDA:606,39,1,19672
BRDA:610,40,0,30
BRDA:610,40,1,19670
BRDA:618,41,0,24
BRDA:618,41,1,4
BRDA:645,42,0,3
BRDA:645,42,1,3
BRF:86
BRH:57
end_of_record
TN:
SF:src/static_utils.ts
FN:12,link
FN:30,template
FN:45,(anonymous_2)
FN:46,(anonymous_3)
FN:66,(anonymous_4)
FN:95,(anonymous_5)
FN:114,(anonymous_6)
FN:117,(anonymous_7)
FN:119,(anonymous_8)
FN:128,(anonymous_9)
FN:131,(anonymous_10)
FN:136,(anonymous_11)
FN:138,(anonymous_12)
FN:142,(anonymous_13)
FN:147,(anonymous_14)
FN:158,rawurlencode
FN:174,isIPv4Address
FN:191,isIPv6Address
FN:228,escapeRegExp
FN:242,escapeHtml
FN:243,escapeCallback
FN:269,wikiUrlencode
FN:294,isIPAddress
FNF:23
FNH:21
FNDA:6,link
FNDA:3,template
FNDA:12,(anonymous_2)
FNDA:12,(anonymous_3)
FNDA:11,(anonymous_4)
FNDA:45,(anonymous_5)
FNDA:5,(anonymous_6)
FNDA:6,(anonymous_7)
FNDA:9,(anonymous_8)
FNDA:10,(anonymous_9)
FNDA:1,(anonymous_10)
FNDA:12,(anonymous_11)
FNDA:18,(anonymous_12)
FNDA:0,(anonymous_13)
FNDA:11,(anonymous_14)
FNDA:12,rawurlencode
FNDA:22,isIPv4Address
FNDA:80,isIPv6Address
FNDA:16,escapeRegExp
FNDA:2,escapeHtml
FNDA:6,escapeCallback
FNDA:11,wikiUrlencode
FNDA:0,isIPAddress
DA:12,1
DA:13,6
DA:14,2
DA:16,4
DA:30,1
DA:31,3
DA:33,2
DA:34,1
DA:35,1
DA:36,1
DA:38,0
DA:41,3
DA:45,12
DA:46,12
DA:52,1
DA:55,11
DA:75,11
DA:76,11
DA:77,7
DA:79,11
DA:80,8
DA:82,11
DA:83,8
DA:85,11
DA:86,11
DA:87,9
DA:89,11
DA:90,2
DA:92,11
DA:97,45
DA:98,5
DA:99,5
DA:100,9
DA:101,5
DA:103,4
DA:105,5
DA:106,5
DA:108,40
DA:115,5
DA:116,5
DA:117,6
DA:119,9
DA:129,10
DA:130,10
DA:131,10
DA:132,1
DA:134,10
DA:135,10
DA:136,12
DA:138,18
DA:143,0
DA:148,11
DA:159,12
DA:176,22
DA:177,22
DA:178,22
DA:179,4
DA:181,18
DA:182,18
DA:193,80
DA:194,0
DA:196,80
DA:197,80
DA:213,80
DA:214,32
DA:217,48
DA:218,48
DA:230,16
DA:243,2
DA:244,6
DA:246,2
DA:248,2
DA:250,1
DA:252,1
DA:254,0
DA:270,11
DA:295,0
DA:298,1
LF:78
LH:73
BRDA:13,0,0,2
BRDA:13,0,1,4
BRDA:14,1,0,1
BRDA:14,1,1,1
BRDA:19,2,0,2
BRDA:19,2,1,2
BRDA:20,3,0,2
BRDA:20,3,1,2
BRDA:30,4,0,0
BRDA:31,5,0,2
BRDA:31,5,1,1
BRDA:33,6,0,1
BRDA:33,6,1,1
BRDA:35,7,0,1
BRDA:35,7,1,0
BRDA:73,8,0,3
BRDA:76,9,0,7
BRDA:76,9,1,4
BRDA:79,10,0,8
BRDA:79,10,1,3
BRDA:82,11,0,8
BRDA:82,11,1,3
BRDA:86,12,0,9
BRDA:86,12,1,2
BRDA:89,13,0,2
BRDA:89,13,1,9
BRDA:97,14,0,5
BRDA:97,14,1,40
BRDA:97,15,0,45
BRDA:97,15,1,45
BRDA:98,16,0,3
BRDA:98,16,1,2
BRDA:100,17,0,5
BRDA:100,17,1,4
BRDA:116,18,0,2
BRDA:116,18,1,3
BRDA:128,19,0,9
BRDA:135,20,0,4
BRDA:135,20,1,6
BRDA:178,21,0,4
BRDA:178,21,1,18
BRDA:181,22,0,0
BRDA:181,22,1,18
BRDA:193,23,0,0
BRDA:193,23,1,80
BRDA:196,24,0,0
BRDA:196,24,1,80
BRDA:213,25,0,32
BRDA:213,25,1,48
BRDA:218,26,0,48
BRDA:218,26,1,22
BRDA:218,26,2,18
BRDA:245,27,0,2
BRDA:245,27,1,2
BRDA:245,27,2,1
BRDA:245,27,3,1
BRDA:245,27,4,0
BRDA:295,28,0,0
BRDA:295,28,1,0
BRF:59
BRH:51
end_of_record
TN:
SF:src/title.ts
FN:137,default_1
FN:189,(anonymous_1)
FN:152,(anonymous_2)
FN:153,(anonymous_3)
FN:161,(anonymous_4)
FN:166,(anonymous_5)
FN:175,(anonymous_6)
FN:176,(anonymous_7)
FN:179,(anonymous_8)
FN:200,(anonymous_9)
FN:205,(anonymous_10)
FN:210,(anonymous_11)
FN:218,(anonymous_12)
FN:223,(anonymous_13)
FN:228,(anonymous_14)
FN:233,(anonymous_15)
FN:238,(anonymous_16)
FN:243,(anonymous_17)
FN:251,(anonymous_18)
FN:256,(anonymous_19)
FN:261,(anonymous_20)
FN:270,(anonymous_21)
FN:283,(anonymous_22)
FN:306,(anonymous_23)
FN:313,(anonymous_24)
FN:323,(anonymous_25)
FN:335,(anonymous_26)
FN:340,(anonymous_27)
FN:349,(anonymous_28)
FN:480,(anonymous_29)
FN:484,(anonymous_30)
FN:501,(anonymous_31)
FNF:32
FNH:32
FNDA:42,default_1
FNDA:128,(anonymous_1)
FNDA:32,(anonymous_2)
FNDA:2612,(anonymous_3)
FNDA:1252,(anonymous_4)
FNDA:108,(anonymous_5)
FNDA:1252,(anonymous_6)
FNDA:164,(anonymous_7)
FNDA:210,(anonymous_8)
FNDA:34,(anonymous_9)
FNDA:86,(anonymous_10)
FNDA:106,(anonymous_11)
FNDA:12,(anonymous_12)
FNDA:84,(anonymous_13)
FNDA:45,(anonymous_14)
FNDA:5,(anonymous_15)
FNDA:13,(anonymous_16)
FNDA:6,(anonymous_17)
FNDA:5,(anonymous_18)
FNDA:6,(anonymous_19)
FNDA:18,(anonymous_20)
FNDA:2,(anonymous_21)
FNDA:82,(anonymous_22)
FNDA:13,(anonymous_23)
FNDA:13,(anonymous_24)
FNDA:101,(anonymous_25)
FNDA:36,(anonymous_26)
FNDA:27,(anonymous_27)
FNDA:210,(anonymous_28)
FNDA:99,(anonymous_29)
FNDA:85,(anonymous_30)
FNDA:146,(anonymous_31)
DA:137,1
DA:138,42
DA:139,42
DA:140,42
DA:153,2612
DA:156,32
DA:159,32
DA:161,32
DA:162,1252
DA:163,1252
DA:164,1252
DA:166,32
DA:167,108
DA:171,32
DA:174,32
DA:175,1252
DA:176,164
DA:180,210
DA:181,1
DA:190,128
DA:191,127
DA:192,35
DA:194,92
DA:195,92
DA:196,92
DA:201,34
DA:206,86
DA:211,106
DA:212,5
DA:214,101
DA:219,12
DA:224,84
DA:229,45
DA:234,5
DA:239,13
DA:244,6
DA:245,1
DA:247,5
DA:252,5
DA:257,6
DA:262,18
DA:263,18
DA:264,0
DA:266,18
DA:271,2
DA:272,2
DA:285,82
DA:286,82
DA:287,37
DA:289,45
DA:290,45
DA:291,45
DA:292,45
DA:293,45
DA:307,13
DA:314,13
DA:325,101
DA:328,1
DA:331,100
DA:336,36
DA:341,27
DA:349,42
DA:350,210
DA:354,209
DA:355,209
DA:356,209
DA:357,209
DA:358,209
DA:371,209
DA:373,209
DA:382,209
DA:384,10
DA:385,10
DA:392,209
DA:393,9
DA:397,200
DA:398,200
DA:399,80
DA:400,80
DA:402,80
DA:403,80
DA:405,80
DA:407,5
DA:408,3
DA:415,197
DA:416,197
DA:417,188
DA:419,9
DA:425,9
DA:433,197
DA:434,28
DA:438,169
DA:449,16
DA:453,153
DA:454,6
DA:461,147
DA:462,4
DA:466,143
DA:467,6
DA:470,137
DA:471,0
DA:473,137
DA:480,42
DA:481,99
DA:484,42
DA:489,85
DA:490,0
DA:493,85
DA:494,85
DA:495,2
DA:497,83
DA:501,42
DA:502,146
DA:507,42
DA:1312,42
LF:115
LH:112
BRDA:191,0,0,35
BRDA:191,0,1,92
BRDA:153,1,0,2612
BRDA:153,1,1,64
BRDA:180,2,0,1
BRDA:180,2,1,209
BRDA:180,3,0,210
BRDA:180,3,1,209
BRDA:180,3,2,209
BRDA:211,4,0,5
BRDA:211,4,1,101
BRDA:211,5,0,106
BRDA:211,5,1,101
BRDA:244,6,0,1
BRDA:244,6,1,5
BRDA:247,7,0,1
BRDA:247,7,1,4
BRDA:252,8,0,3
BRDA:252,8,1,2
BRDA:263,9,0,0
BRDA:263,9,1,18
BRDA:266,10,0,18
BRDA:266,10,1,3
BRDA:272,11,0,0
BRDA:272,11,1,2
BRDA:283,12,0,81
BRDA:286,13,0,37
BRDA:286,13,1,45
BRDA:314,14,0,13
BRDA:314,14,1,10
BRDA:325,15,0,1
BRDA:325,15,1,100
BRDA:331,16,0,100
BRDA:331,16,1,99
BRDA:371,17,0,105
BRDA:371,17,1,104
BRDA:382,18,0,10
BRDA:382,18,1,199
BRDA:382,19,0,209
BRDA:382,19,1,202
BRDA:392,20,0,9
BRDA:392,20,1,200
BRDA:398,21,0,80
BRDA:398,21,1,120
BRDA:400,22,0,80
BRDA:400,22,1,0
BRDA:405,23,0,5
BRDA:405,23,1,75
BRDA:405,24,0,80
BRDA:405,24,1,10
BRDA:407,25,0,3
BRDA:407,25,1,2
BRDA:416,26,0,188
BRDA:416,26,1,9
BRDA:433,27,0,28
BRDA:433,27,1,169
BRDA:438,28,0,16
BRDA:438,28,1,153
BRDA:439,29,0,169
BRDA:439,29,1,53
BRDA:439,29,2,51
BRDA:439,29,3,49
BRDA:439,29,4,47
BRDA:439,29,5,45
BRDA:439,29,6,43
BRDA:439,29,7,41
BRDA:439,29,8,39
BRDA:453,30,0,6
BRDA:453,30,1,147
BRDA:461,31,0,4
BRDA:461,31,1,143
BRDA:461,32,0,147
BRDA:461,32,1,146
BRDA:466,33,0,6
BRDA:466,33,1,137
BRDA:466,34,0,143
BRDA:466,34,1,6
BRDA:470,35,0,0
BRDA:470,35,1,137
BRDA:481,36,0,28
BRDA:481,36,1,71
BRDA:489,37,0,0
BRDA:489,37,1,85
BRDA:494,38,0,2
BRDA:494,38,1,83
BRF:85
BRH:80
end_of_record
TN:
SF:src/user.ts
FN:79,default_1
FN:87,(anonymous_1)
FN:91,(anonymous_2)
FN:97,(anonymous_3)
FN:104,(anonymous_4)
FN:113,(anonymous_5)
FN:116,(anonymous_6)
FN:132,(anonymous_7)
FN:141,(anonymous_8)
FN:144,(anonymous_9)
FN:160,(anonymous_10)
FN:171,(anonymous_11)
FN:175,(anonymous_12)
FN:183,(anonymous_13)
FN:189,(anonymous_14)
FN:194,(anonymous_15)
FN:204,(anonymous_16)
FN:220,(anonymous_17)
FN:228,(anonymous_18)
FN:232,(anonymous_19)
FN:240,(anonymous_20)
FNF:21
FNH:20
FNDA:42,default_1
FNDA:7,(anonymous_1)
FNDA:2,(anonymous_2)
FNDA:3,(anonymous_3)
FNDA:2,(anonymous_4)
FNDA:2,(anonymous_5)
FNDA:1,(anonymous_6)
FNDA:1,(anonymous_7)
FNDA:1,(anonymous_8)
FNDA:1,(anonymous_9)
FNDA:1,(anonymous_10)
FNDA:1,(anonymous_11)
FNDA:1,(anonymous_12)
FNDA:1,(anonymous_13)
FNDA:1,(anonymous_14)
FNDA:1,(anonymous_15)
FNDA:0,(anonymous_16)
FNDA:1,(anonymous_17)
FNDA:1,(anonymous_18)
FNDA:1,(anonymous_19)
FNDA:1,(anonymous_20)
DA:11,1
DA:79,1
DA:88,7
DA:94,2
DA:98,3
DA:105,2
DA:113,2
DA:117,1
DA:124,1
DA:125,1
DA:126,11
DA:133,1
DA:141,1
DA:145,1
DA:152,1
DA:153,1
DA:154,11
DA:161,1
DA:171,1
DA:176,1
DA:184,1
DA:190,1
DA:195,1
DA:205,0
DA:206,0
DA:207,0
DA:209,0
DA:221,1
DA:228,1
DA:233,1
DA:240,1
DA:244,42
LF:32
LH:28
BRDA:167,0,0,1
BRDA:167,0,1,1
BRDA:181,1,0,1
BRDA:181,1,1,1
BRDA:206,2,0,0
BRDA:206,2,1,0
BRDA:211,3,0,0
BRDA:211,3,1,0
BRDA:211,4,0,0
BRDA:211,4,1,0
BRDA:211,5,0,0
BRDA:211,5,1,0
BRDA:211,6,0,0
BRDA:211,6,1,0
BRDA:212,7,0,0
BRDA:212,7,1,0
BRDA:212,8,0,0
BRDA:212,8,1,0
BRDA:212,9,0,0
BRDA:212,9,1,0
BRDA:212,10,0,0
BRDA:212,10,1,0
BRF:22
BRH:4
end_of_record
TN:
SF:src/utils.ts
FN:8,ispromise
FN:13,isplainobject
FN:29,merge
FN:42,mergeDeep1
FN:43,(anonymous_4)
FN:62,arrayChunk
FN:71,sleep
FN:72,(anonymous_7)
FN:77,makeTitles
FN:89,makeTitle
FNF:10
FNH:10
FNDA:72,ispromise
FNDA:3903,isplainobject
FNDA:1038,merge
FNDA:383,mergeDeep1
FNDA:1281,(anonymous_4)
FNDA:2,arrayChunk
FNDA:76,sleep
FNDA:76,(anonymous_7)
FNDA:19,makeTitles
FNDA:19,makeTitle
DA:8,1
DA:9,72
DA:13,1
DA:14,3903
DA:15,1831
DA:17,2072
DA:18,2072
DA:29,1
DA:31,1038
DA:42,1
DA:43,1281
DA:44,383
DA:45,887
DA:46,3903
DA:47,837
DA:51,3066
DA:55,383
DA:62,1
DA:63,2
DA:64,2
DA:65,2
DA:66,2
DA:68,2
DA:71,1
DA:72,76
DA:73,76
DA:77,1
DA:80,19
DA:81,19
DA:82,4
DA:85,15
DA:89,1
DA:90,19
DA:91,0
DA:93,19
LF:35
LH:34
BRDA:9,0,0,72
BRDA:9,0,1,72
BRDA:9,0,2,0
BRDA:9,0,3,72
BRDA:14,1,0,1831
BRDA:14,1,1,2072
BRDA:18,2,0,2072
BRDA:18,2,1,2072
BRDA:46,3,0,837
BRDA:46,3,1,3066
BRDA:80,4,0,6
BRDA:80,4,1,13
BRDA:81,5,0,4
BRDA:81,5,1,15
BRDA:90,6,0,0
BRDA:90,6,1,19
BRF:16
BRH:14
end_of_record
TN:
SF:src/wikitext.ts
FN:180,(anonymous_0)
FN:184,(anonymous_1)
FN:187,(anonymous_2)
FN:188,(anonymous_3)
FN:192,(anonymous_4)
FN:196,(anonymous_5)
FN:219,(anonymous_6)
FN:232,parseTemplates
FN:313,(anonymous_8)
FN:316,(anonymous_9)
FN:319,(anonymous_10)
FN:335,processTemplateText
FN:349,(anonymous_12)
FN:362,(anonymous_13)
FN:394,parseTable
FN:396,(anonymous_15)
FN:427,(anonymous_16)
FN:430,(anonymous_17)
FN:435,(anonymous_18)
FN:447,(anonymous_19)
FN:472,parseSections
FN:502,(anonymous_21)
FN:529,(anonymous_22)
FN:539,(anonymous_23)
FN:550,(anonymous_24)
FN:560,(anonymous_25)
FN:565,default_1
FN:573,(anonymous_27)
FN:581,(anonymous_28)
FN:605,(anonymous_29)
FN:610,(anonymous_30)
FN:615,(anonymous_31)
FN:620,(anonymous_32)
FN:631,processLink
FN:671,(anonymous_34)
FN:676,strReplaceAt
FNF:36
FNH:33
FNDA:47,(anonymous_0)
FNDA:58,(anonymous_1)
FNDA:53,(anonymous_2)
FNDA:22,(anonymous_3)
FNDA:0,(anonymous_4)
FNDA:47,(anonymous_5)
FNDA:58,(anonymous_6)
FNDA:29,parseTemplates
FNDA:16,(anonymous_8)
FNDA:16,(anonymous_9)
FNDA:7,(anonymous_10)
FNDA:47,processTemplateText
FNDA:110,(anonymous_12)
FNDA:58,(anonymous_13)
FNDA:2,parseTable
FNDA:18,(anonymous_15)
FNDA:6,(anonymous_16)
FNDA:18,(anonymous_17)
FNDA:2,(anonymous_18)
FNDA:4,(anonymous_19)
FNDA:1,parseSections
FNDA:34,(anonymous_21)
FNDA:16,(anonymous_22)
FNDA:10,(anonymous_23)
FNDA:15,(anonymous_24)
FNDA:10,(anonymous_25)
FNDA:42,default_1
FNDA:21,(anonymous_27)
FNDA:2,(anonymous_28)
FNDA:22,(anonymous_29)
FNDA:4,(anonymous_30)
FNDA:0,(anonymous_31)
FNDA:0,(anonymous_32)
FNDA:15,processLink
FNDA:60,(anonymous_34)
FNDA:23,strReplaceAt
DA:162,1
DA:181,47
DA:182,47
DA:185,58
DA:188,53
DA:189,22
DA:193,0
DA:194,0
DA:197,47
DA:198,47
DA:205,1
DA:220,58
DA:221,58
DA:222,58
DA:232,1
DA:233,29
DA:240,29
DA:242,29
DA:245,29
DA:248,29
DA:249,29
DA:250,29
DA:254,29
DA:255,1879
DA:256,1846
DA:257,4
DA:258,4
DA:259,1842
DA:260,67
DA:261,47
DA:263,67
DA:264,67
DA:265,1775
DA:266,67
DA:267,47
DA:268,47
DA:269,47
DA:274,47
DA:275,40
DA:277,47
DA:278,3
DA:281,64
DA:282,64
DA:283,1708
DA:285,19
DA:286,1689
DA:287,0
DA:288,0
DA:289,1689
DA:290,0
DA:291,0
DA:295,33
DA:297,4
DA:298,29
DA:299,0
DA:300,0
DA:301,29
DA:302,0
DA:303,0
DA:304,29
DA:305,4
DA:306,4
DA:311,26
DA:312,12
DA:314,16
DA:317,16
DA:320,7
DA:322,12
DA:325,14
DA:341,47
DA:345,47
DA:346,14
DA:349,47
DA:352,110
DA:355,47
DA:357,47
DA:358,5
DA:361,42
DA:362,42
DA:363,58
DA:364,58
DA:366,58
DA:367,58
DA:368,58
DA:371,58
DA:374,42
DA:375,11
DA:377,42
DA:378,42
DA:380,16
DA:381,16
DA:383,58
DA:386,42
DA:387,2
DA:390,40
DA:394,1
DA:395,2
DA:396,2
DA:398,18
DA:399,18
DA:401,18
DA:402,18
DA:403,195
DA:404,0
DA:405,0
DA:406,195
DA:407,0
DA:408,0
DA:409,195
DA:410,0
DA:411,0
DA:412,195
DA:413,0
DA:414,0
DA:415,195
DA:416,0
DA:420,2
DA:421,0
DA:425,2
DA:427,6
DA:430,2
DA:431,18
DA:435,2
DA:437,2
DA:439,2
DA:441,2
DA:443,2
DA:445,2
DA:447,2
DA:448,4
DA:450,4
DA:453,4
DA:456,4
DA:458,4
DA:459,0
DA:462,4
DA:463,4
DA:464,12
DA:468,2
DA:472,1
DA:473,1
DA:474,1
DA:482,1
DA:484,3
DA:490,1
DA:491,1
DA:492,3
DA:494,1
DA:495,1
DA:499,1
DA:503,34
DA:530,16
DA:531,15
DA:538,16
DA:539,16
DA:540,10
DA:541,10
DA:542,10
DA:543,10
DA:551,15
DA:552,15
DA:553,10
DA:555,15
DA:556,15
DA:561,10
DA:565,1
DA:574,21
DA:575,0
DA:577,21
DA:582,2
DA:583,2
DA:584,2
DA:586,2
DA:588,2
DA:589,2
DA:590,520
DA:591,15
DA:594,15
DA:595,505
DA:596,15
DA:597,15
DA:598,15
DA:599,15
DA:606,22
DA:611,4
DA:616,0
DA:621,0
DA:624,42
DA:625,42
DA:626,42
DA:632,15
DA:633,15
DA:634,15
DA:635,15
DA:636,6
DA:637,6
DA:639,15
DA:640,15
DA:641,1
DA:643,14
DA:644,9
DA:645,4
DA:650,4
DA:651,5
DA:652,2
DA:657,2
DA:660,8
DA:667,42
DA:672,60
DA:677,23
LF:210
LH:186
BRDA:194,0,0,0
BRDA:194,0,1,0
BRDA:198,1,0,47
BRDA:198,1,1,0
BRDA:233,2,0,29
BRDA:233,2,1,9
BRDA:255,3,0,1846
BRDA:255,3,1,33
BRDA:255,4,0,1879
BRDA:255,4,1,1879
BRDA:255,4,2,1879
BRDA:256,5,0,4
BRDA:256,5,1,1842
BRDA:256,6,0,1846
BRDA:256,6,1,71
BRDA:256,6,2,71
BRDA:256,6,3,11
BRDA:259,7,0,67
BRDA:259,7,1,1775
BRDA:259,8,0,1842
BRDA:259,8,1,67
BRDA:260,9,0,47
BRDA:260,9,1,20
BRDA:265,10,0,67
BRDA:265,10,1,1708
BRDA:265,11,0,1775
BRDA:265,11,1,67
BRDA:266,12,0,47
BRDA:266,12,1,20
BRDA:274,13,0,40
BRDA:274,13,1,7
BRDA:277,14,0,3
BRDA:277,14,1,44
BRDA:277,15,0,47
BRDA:277,15,1,9
BRDA:283,16,0,19
BRDA:283,16,1,1689
BRDA:283,17,0,1708
BRDA:283,17,1,105
BRDA:286,18,0,0
BRDA:286,18,1,1689
BRDA:289,19,0,0
BRDA:289,19,1,1689
BRDA:295,20,0,4
BRDA:295,20,1,29
BRDA:298,21,0,0
BRDA:298,21,1,29
BRDA:301,22,0,0
BRDA:301,22,1,29
BRDA:304,23,0,4
BRDA:304,23,1,25
BRDA:304,24,0,29
BRDA:304,24,1,4
BRDA:304,24,2,4
BRDA:311,25,0,12
BRDA:311,25,1,14
BRDA:357,26,0,5
BRDA:357,26,1,42
BRDA:357,27,0,47
BRDA:357,27,1,9
BRDA:367,28,0,58
BRDA:367,28,1,13
BRDA:368,29,0,58
BRDA:368,29,1,16
BRDA:371,30,0,42
BRDA:371,30,1,16
BRDA:383,31,0,58
BRDA:383,31,1,42
BRDA:386,32,0,2
BRDA:386,32,1,40
BRDA:386,33,0,42
BRDA:386,33,1,3
BRDA:403,34,0,0
BRDA:403,34,1,195
BRDA:403,35,0,195
BRDA:403,35,1,0
BRDA:406,36,0,0
BRDA:406,36,1,195
BRDA:406,37,0,195
BRDA:406,37,1,0
BRDA:409,38,0,0
BRDA:409,38,1,195
BRDA:409,39,0,195
BRDA:409,39,1,0
BRDA:412,40,0,0
BRDA:412,40,1,195
BRDA:412,41,0,195
BRDA:412,41,1,0
BRDA:415,42,0,0
BRDA:415,42,1,195
BRDA:415,43,0,195
BRDA:415,43,1,0
BRDA:415,43,2,0
BRDA:420,44,0,0
BRDA:420,44,1,2
BRDA:420,45,0,2
BRDA:420,45,1,2
BRDA:437,46,0,2
BRDA:437,46,1,0
BRDA:450,47,0,4
BRDA:450,47,1,0
BRDA:458,48,0,0
BRDA:458,48,1,4
BRDA:530,49,0,15
BRDA:530,49,1,1
BRDA:574,50,0,0
BRDA:574,50,1,21
BRDA:590,51,0,15
BRDA:590,51,1,505
BRDA:590,52,0,520
BRDA:590,52,1,16
BRDA:595,53,0,15
BRDA:595,53,1,490
BRDA:595,54,0,505
BRDA:595,54,1,15
BRDA:595,54,2,15
BRDA:635,55,0,6
BRDA:635,55,1,9
BRDA:636,56,0,3
BRDA:636,56,1,3
BRDA:640,57,0,1
BRDA:640,57,1,14
BRDA:643,58,0,9
BRDA:643,58,1,5
BRDA:644,59,0,4
BRDA:644,59,1,5
BRDA:651,60,0,2
BRDA:651,60,1,3
BRDA:655,61,0,1
BRDA:655,61,1,1
BRF:130
BRH:107
end_of_record
